<?xml version="1.0" encoding="UTF-8"?>
<!-- Generated by org.testng.reporters.JUnitReportReporter -->
<testsuite hostname="DESKTOP-FPFPIJS" failures="0" tests="1" name="script.ValidLogin" time="16.457" errors="0" timestamp="2024-10-08T18:44:16 IST" skipped="0">
  <testcase classname="script.ValidLogin" name="loginTest" time="16.457"/>
  <system-out>
    <![CDATA[inside test]]>
  </system-out>
</testsuite> <!-- script.ValidLogin -->
